  AI.cpp
  Chess.cpp
D:\01.Alone_Yakumo-Sue\CPlusPlus_Basic\Code\Project01-Backgammon\Project01-Backgammon\Chess.cpp(74,61): warning C4244: “参数”: 从“float”转换到“int”，可能丢失数据
D:\01.Alone_Yakumo-Sue\CPlusPlus_Basic\Code\Project01-Backgammon\Project01-Backgammon\Chess.cpp(74,50): warning C4244: “参数”: 从“float”转换到“int”，可能丢失数据
D:\01.Alone_Yakumo-Sue\CPlusPlus_Basic\Code\Project01-Backgammon\Project01-Backgammon\Chess.cpp(75,61): warning C4244: “参数”: 从“float”转换到“int”，可能丢失数据
D:\01.Alone_Yakumo-Sue\CPlusPlus_Basic\Code\Project01-Backgammon\Project01-Backgammon\Chess.cpp(75,50): warning C4244: “参数”: 从“float”转换到“int”，可能丢失数据
D:\01.Alone_Yakumo-Sue\CPlusPlus_Basic\Code\Project01-Backgammon\Project01-Backgammon\Chess.cpp(92,10): warning C4244: “初始化”: 从“float”转换到“int”，可能丢失数据
D:\01.Alone_Yakumo-Sue\CPlusPlus_Basic\Code\Project01-Backgammon\Project01-Backgammon\Chess.cpp(94,10): warning C4244: “初始化”: 从“float”转换到“int”，可能丢失数据
D:\01.Alone_Yakumo-Sue\CPlusPlus_Basic\Code\Project01-Backgammon\Project01-Backgammon\Chess.cpp(96,18): warning C4244: “初始化”: 从“float”转换到“int”，可能丢失数据
D:\01.Alone_Yakumo-Sue\CPlusPlus_Basic\Code\Project01-Backgammon\Project01-Backgammon\Chess.cpp(98,18): warning C4244: “初始化”: 从“float”转换到“int”，可能丢失数据
D:\01.Alone_Yakumo-Sue\CPlusPlus_Basic\Code\Project01-Backgammon\Project01-Backgammon\Chess.cpp(100,13): warning C4244: “初始化”: 从“double”转换到“int”，可能丢失数据
D:\01.Alone_Yakumo-Sue\CPlusPlus_Basic\Code\Project01-Backgammon\Project01-Backgammon\Chess.cpp(108,13): warning C4244: “=”: 从“double”转换到“int”，可能丢失数据
D:\01.Alone_Yakumo-Sue\CPlusPlus_Basic\Code\Project01-Backgammon\Project01-Backgammon\Chess.cpp(121,10): warning C4244: “初始化”: 从“float”转换到“int”，可能丢失数据
D:\01.Alone_Yakumo-Sue\CPlusPlus_Basic\Code\Project01-Backgammon\Project01-Backgammon\Chess.cpp(123,13): warning C4244: “=”: 从“double”转换到“int”，可能丢失数据
D:\01.Alone_Yakumo-Sue\CPlusPlus_Basic\Code\Project01-Backgammon\Project01-Backgammon\Chess.cpp(137,20): warning C4244: “=”: 从“float”转换到“int”，可能丢失数据
D:\01.Alone_Yakumo-Sue\CPlusPlus_Basic\Code\Project01-Backgammon\Project01-Backgammon\Chess.cpp(138,13): warning C4244: “=”: 从“double”转换到“int”，可能丢失数据
D:\01.Alone_Yakumo-Sue\CPlusPlus_Basic\Code\Project01-Backgammon\Project01-Backgammon\Chess.cpp(151,20): warning C4244: “=”: 从“float”转换到“int”，可能丢失数据
D:\01.Alone_Yakumo-Sue\CPlusPlus_Basic\Code\Project01-Backgammon\Project01-Backgammon\Chess.cpp(152,20): warning C4244: “=”: 从“float”转换到“int”，可能丢失数据
D:\01.Alone_Yakumo-Sue\CPlusPlus_Basic\Code\Project01-Backgammon\Project01-Backgammon\Chess.cpp(153,13): warning C4244: “=”: 从“double”转换到“int”，可能丢失数据
D:\01.Alone_Yakumo-Sue\CPlusPlus_Basic\Code\Project01-Backgammon\Project01-Backgammon\Chess.cpp(176,8): warning C4244: “初始化”: 从“double”转换到“int”，可能丢失数据
D:\01.Alone_Yakumo-Sue\CPlusPlus_Basic\Code\Project01-Backgammon\Project01-Backgammon\Chess.cpp(177,8): warning C4244: “初始化”: 从“double”转换到“int”，可能丢失数据
  ChessGame.cpp
  main.cpp
D:\01.Alone_Yakumo-Sue\CPlusPlus_Basic\Code\Project01-Backgammon\Project01-Backgammon\main.cpp(27,30): warning C4305: “参数”: 从“double”到“float”截断
  Man.cpp
  正在生成代码
  Previous IPDB not found, fall back to full compilation.
  All 206 functions were compiled because no usable IPDB/IOBJ from previous compilation was found.
  已完成代码的生成
  Project01-Backgammon.vcxproj -> D:\01.Alone_Yakumo-Sue\CPlusPlus_Basic\Code\Project01-Backgammon\x64\Release\Project01-Backgammon.exe
